<?xml version="1.0" encoding="UTF-8"?>
<testsuite xmlns:xsi="http://www.w3.org/2001/XMLSchema-instance" xsi:noNamespaceSchemaLocation="https://maven.apache.org/surefire/maven-surefire-plugin/xsd/surefire-test-report-3.0.xsd" version="3.0" name="TestSuite" time="8.615" tests="3" errors="0" skipped="0" failures="3">
  <properties>
    <property name="java.specification.version" value="17"/>
    <property name="sun.jnu.encoding" value="UTF-8"/>
    <property name="java.class.path" value="/Users/jerinraj/eclipse-workspace/LearnCucumberFrame/target/test-classes:/Users/jerinraj/eclipse-workspace/LearnCucumberFrame/target/classes:/Users/jerinraj/.m2/repository/io/cucumber/cucumber-testng/7.18.1/cucumber-testng-7.18.1.jar:/Users/jerinraj/.m2/repository/org/apiguardian/apiguardian-api/1.1.2/apiguardian-api-1.1.2.jar:/Users/jerinraj/.m2/repository/io/cucumber/cucumber-core/7.18.1/cucumber-core-7.18.1.jar:/Users/jerinraj/.m2/repository/io/cucumber/cucumber-gherkin/7.18.1/cucumber-gherkin-7.18.1.jar:/Users/jerinraj/.m2/repository/io/cucumber/cucumber-gherkin-messages/7.18.1/cucumber-gherkin-messages-7.18.1.jar:/Users/jerinraj/.m2/repository/io/cucumber/gherkin/28.0.0/gherkin-28.0.0.jar:/Users/jerinraj/.m2/repository/io/cucumber/messages/24.1.0/messages-24.1.0.jar:/Users/jerinraj/.m2/repository/io/cucumber/testng-xml-formatter/0.2.0/testng-xml-formatter-0.2.0.jar:/Users/jerinraj/.m2/repository/io/cucumber/query/12.2.0/query-12.2.0.jar:/Users/jerinraj/.m2/repository/io/cucumber/tag-expressions/6.1.0/tag-expressions-6.1.0.jar:/Users/jerinraj/.m2/repository/io/cucumber/cucumber-expressions/17.1.0/cucumber-expressions-17.1.0.jar:/Users/jerinraj/.m2/repository/io/cucumber/datatable/7.18.1/datatable-7.18.1.jar:/Users/jerinraj/.m2/repository/io/cucumber/cucumber-plugin/7.18.1/cucumber-plugin-7.18.1.jar:/Users/jerinraj/.m2/repository/io/cucumber/docstring/7.18.1/docstring-7.18.1.jar:/Users/jerinraj/.m2/repository/io/cucumber/html-formatter/21.4.1/html-formatter-21.4.1.jar:/Users/jerinraj/.m2/repository/io/cucumber/junit-xml-formatter/0.5.0/junit-xml-formatter-0.5.0.jar:/Users/jerinraj/.m2/repository/io/cucumber/ci-environment/10.0.1/ci-environment-10.0.1.jar:/Users/jerinraj/.m2/repository/org/testng/testng/7.10.2/testng-7.10.2.jar:/Users/jerinraj/.m2/repository/org/slf4j/slf4j-api/1.7.36/slf4j-api-1.7.36.jar:/Users/jerinraj/.m2/repository/com/beust/jcommander/1.82/jcommander-1.82.jar:/Users/jerinraj/.m2/repository/org/webjars/jquery/3.7.1/jquery-3.7.1.jar:/Users/jerinraj/.m2/repository/io/cucumber/cucumber-java/7.18.1/cucumber-java-7.18.1.jar:/Users/jerinraj/.m2/repository/org/seleniumhq/selenium/selenium-java/4.23.1/selenium-java-4.23.1.jar:/Users/jerinraj/.m2/repository/org/seleniumhq/selenium/selenium-api/4.23.1/selenium-api-4.23.1.jar:/Users/jerinraj/.m2/repository/org/seleniumhq/selenium/selenium-chrome-driver/4.23.1/selenium-chrome-driver-4.23.1.jar:/Users/jerinraj/.m2/repository/com/google/auto/service/auto-service-annotations/1.1.1/auto-service-annotations-1.1.1.jar:/Users/jerinraj/.m2/repository/org/seleniumhq/selenium/selenium-chromium-driver/4.23.1/selenium-chromium-driver-4.23.1.jar:/Users/jerinraj/.m2/repository/org/seleniumhq/selenium/selenium-json/4.23.1/selenium-json-4.23.1.jar:/Users/jerinraj/.m2/repository/org/seleniumhq/selenium/selenium-manager/4.23.1/selenium-manager-4.23.1.jar:/Users/jerinraj/.m2/repository/org/seleniumhq/selenium/selenium-devtools-v125/4.23.1/selenium-devtools-v125-4.23.1.jar:/Users/jerinraj/.m2/repository/org/seleniumhq/selenium/selenium-devtools-v126/4.23.1/selenium-devtools-v126-4.23.1.jar:/Users/jerinraj/.m2/repository/org/seleniumhq/selenium/selenium-devtools-v127/4.23.1/selenium-devtools-v127-4.23.1.jar:/Users/jerinraj/.m2/repository/org/seleniumhq/selenium/selenium-devtools-v85/4.23.1/selenium-devtools-v85-4.23.1.jar:/Users/jerinraj/.m2/repository/org/seleniumhq/selenium/selenium-edge-driver/4.23.1/selenium-edge-driver-4.23.1.jar:/Users/jerinraj/.m2/repository/org/seleniumhq/selenium/selenium-firefox-driver/4.23.1/selenium-firefox-driver-4.23.1.jar:/Users/jerinraj/.m2/repository/org/seleniumhq/selenium/selenium-http/4.23.1/selenium-http-4.23.1.jar:/Users/jerinraj/.m2/repository/dev/failsafe/failsafe/3.3.2/failsafe-3.3.2.jar:/Users/jerinraj/.m2/repository/org/seleniumhq/selenium/selenium-ie-driver/4.23.1/selenium-ie-driver-4.23.1.jar:/Users/jerinraj/.m2/repository/org/seleniumhq/selenium/selenium-remote-driver/4.23.1/selenium-remote-driver-4.23.1.jar:/Users/jerinraj/.m2/repository/com/google/guava/guava/33.2.1-jre/guava-33.2.1-jre.jar:/Users/jerinraj/.m2/repository/com/google/guava/failureaccess/1.0.2/failureaccess-1.0.2.jar:/Users/jerinraj/.m2/repository/com/google/guava/listenablefuture/9999.0-empty-to-avoid-conflict-with-guava/listenablefuture-9999.0-empty-to-avoid-conflict-with-guava.jar:/Users/jerinraj/.m2/repository/com/google/code/findbugs/jsr305/3.0.2/jsr305-3.0.2.jar:/Users/jerinraj/.m2/repository/org/checkerframework/checker-qual/3.42.0/checker-qual-3.42.0.jar:/Users/jerinraj/.m2/repository/com/google/errorprone/error_prone_annotations/2.26.1/error_prone_annotations-2.26.1.jar:/Users/jerinraj/.m2/repository/com/google/j2objc/j2objc-annotations/3.0.0/j2objc-annotations-3.0.0.jar:/Users/jerinraj/.m2/repository/io/opentelemetry/semconv/opentelemetry-semconv/1.25.0-alpha/opentelemetry-semconv-1.25.0-alpha.jar:/Users/jerinraj/.m2/repository/io/opentelemetry/opentelemetry-api/1.40.0/opentelemetry-api-1.40.0.jar:/Users/jerinraj/.m2/repository/io/opentelemetry/opentelemetry-context/1.40.0/opentelemetry-context-1.40.0.jar:/Users/jerinraj/.m2/repository/io/opentelemetry/opentelemetry-exporter-logging/1.40.0/opentelemetry-exporter-logging-1.40.0.jar:/Users/jerinraj/.m2/repository/io/opentelemetry/opentelemetry-sdk-common/1.40.0/opentelemetry-sdk-common-1.40.0.jar:/Users/jerinraj/.m2/repository/io/opentelemetry/opentelemetry-sdk-extension-autoconfigure-spi/1.40.0/opentelemetry-sdk-extension-autoconfigure-spi-1.40.0.jar:/Users/jerinraj/.m2/repository/io/opentelemetry/opentelemetry-sdk-extension-autoconfigure/1.40.0/opentelemetry-sdk-extension-autoconfigure-1.40.0.jar:/Users/jerinraj/.m2/repository/io/opentelemetry/opentelemetry-api-incubator/1.40.0-alpha/opentelemetry-api-incubator-1.40.0-alpha.jar:/Users/jerinraj/.m2/repository/io/opentelemetry/opentelemetry-sdk-trace/1.40.0/opentelemetry-sdk-trace-1.40.0.jar:/Users/jerinraj/.m2/repository/io/opentelemetry/opentelemetry-sdk/1.40.0/opentelemetry-sdk-1.40.0.jar:/Users/jerinraj/.m2/repository/io/opentelemetry/opentelemetry-sdk-metrics/1.40.0/opentelemetry-sdk-metrics-1.40.0.jar:/Users/jerinraj/.m2/repository/io/opentelemetry/opentelemetry-sdk-logs/1.40.0/opentelemetry-sdk-logs-1.40.0.jar:/Users/jerinraj/.m2/repository/net/bytebuddy/byte-buddy/1.14.18/byte-buddy-1.14.18.jar:/Users/jerinraj/.m2/repository/org/seleniumhq/selenium/selenium-os/4.23.1/selenium-os-4.23.1.jar:/Users/jerinraj/.m2/repository/org/apache/commons/commons-exec/1.4.0/commons-exec-1.4.0.jar:/Users/jerinraj/.m2/repository/org/seleniumhq/selenium/selenium-safari-driver/4.23.1/selenium-safari-driver-4.23.1.jar:/Users/jerinraj/.m2/repository/org/seleniumhq/selenium/selenium-support/4.23.1/selenium-support-4.23.1.jar:/Users/jerinraj/.m2/repository/io/cucumber/cucumber-picocontainer/7.18.1/cucumber-picocontainer-7.18.1.jar:/Users/jerinraj/.m2/repository/org/picocontainer/picocontainer/2.15/picocontainer-2.15.jar:/Users/jerinraj/.m2/repository/com/aventstack/extentreports/5.1.2/extentreports-5.1.2.jar:/Users/jerinraj/.m2/repository/io/reactivex/rxjava3/rxjava/3.1.6/rxjava-3.1.6.jar:/Users/jerinraj/.m2/repository/org/reactivestreams/reactive-streams/1.0.4/reactive-streams-1.0.4.jar:/Users/jerinraj/.m2/repository/org/freemarker/freemarker/2.3.32/freemarker-2.3.32.jar:/Users/jerinraj/.m2/repository/org/projectlombok/lombok/1.18.26/lombok-1.18.26.jar:/Users/jerinraj/.m2/repository/com/google/code/gson/gson/2.10.1/gson-2.10.1.jar:/Users/jerinraj/.m2/repository/tech/grasshopper/extentreports-cucumber7-adapter/1.14.0/extentreports-cucumber7-adapter-1.14.0.jar:/Users/jerinraj/.m2/repository/tech/grasshopper/extent-pdf-report/2.12.0/extent-pdf-report-2.12.0.jar:/Users/jerinraj/.m2/repository/tech/grasshopper/cucumber-pdf-report/2.14.0/cucumber-pdf-report-2.14.0.jar:/Users/jerinraj/.m2/repository/org/apache/pdfbox/pdfbox/2.0.26/pdfbox-2.0.26.jar:/Users/jerinraj/.m2/repository/org/apache/pdfbox/fontbox/2.0.26/fontbox-2.0.26.jar:/Users/jerinraj/.m2/repository/org/knowm/xchart/xchart/3.8.0/xchart-3.8.0.jar:/Users/jerinraj/.m2/repository/de/erichseifert/vectorgraphics2d/VectorGraphics2D/0.13/VectorGraphics2D-0.13.jar:/Users/jerinraj/.m2/repository/de/rototor/pdfbox/graphics2d/0.30/graphics2d-0.30.jar:/Users/jerinraj/.m2/repository/com/madgag/animated-gif-lib/1.4/animated-gif-lib-1.4.jar:/Users/jerinraj/.m2/repository/org/yaml/snakeyaml/2.0/snakeyaml-2.0.jar:/Users/jerinraj/.m2/repository/tech/grasshopper/table-layout/1.5.1/table-layout-1.5.1.jar:/Users/jerinraj/.m2/repository/tech/grasshopper/rest-assured-cucumber-pdf-report/1.5.0/rest-assured-cucumber-pdf-report-1.5.0.jar:/Users/jerinraj/.m2/repository/org/jsoup/jsoup/1.15.3/jsoup-1.15.3.jar:/Users/jerinraj/.m2/repository/com/aventstack/klov-reporter/5.1.0/klov-reporter-5.1.0.jar:/Users/jerinraj/.m2/repository/org/mongodb/mongodb-driver/3.6.4/mongodb-driver-3.6.4.jar:/Users/jerinraj/.m2/repository/org/mongodb/mongodb-driver-core/3.6.4/mongodb-driver-core-3.6.4.jar:/Users/jerinraj/.m2/repository/org/mongodb/bson/3.6.4/bson-3.6.4.jar:/Users/jerinraj/.m2/repository/org/apache/httpcomponents/httpclient/4.5.13/httpclient-4.5.13.jar:/Users/jerinraj/.m2/repository/org/apache/httpcomponents/httpcore/4.4.13/httpcore-4.4.13.jar:/Users/jerinraj/.m2/repository/commons-logging/commons-logging/1.2/commons-logging-1.2.jar:/Users/jerinraj/.m2/repository/commons-codec/commons-codec/1.11/commons-codec-1.11.jar:/Users/jerinraj/.m2/repository/org/apache/httpcomponents/httpmime/4.5.13/httpmime-4.5.13.jar:/Users/jerinraj/.m2/repository/tech/grasshopper/htmlextentreporter/1.1.0/htmlextentreporter-1.1.0.jar:/Users/jerinraj/.m2/repository/tech/grasshopper/extent-excel-report/1.4.0/extent-excel-report-1.4.0.jar:/Users/jerinraj/.m2/repository/org/apache/poi/poi/5.2.3/poi-5.2.3.jar:/Users/jerinraj/.m2/repository/org/apache/commons/commons-collections4/4.4/commons-collections4-4.4.jar:/Users/jerinraj/.m2/repository/org/apache/commons/commons-math3/3.6.1/commons-math3-3.6.1.jar:/Users/jerinraj/.m2/repository/com/zaxxer/SparseBitSet/1.2/SparseBitSet-1.2.jar:/Users/jerinraj/.m2/repository/org/apache/logging/log4j/log4j-api/2.18.0/log4j-api-2.18.0.jar:/Users/jerinraj/.m2/repository/org/apache/poi/poi-ooxml/5.2.3/poi-ooxml-5.2.3.jar:/Users/jerinraj/.m2/repository/org/apache/poi/poi-ooxml-lite/5.2.3/poi-ooxml-lite-5.2.3.jar:/Users/jerinraj/.m2/repository/org/apache/xmlbeans/xmlbeans/5.1.1/xmlbeans-5.1.1.jar:/Users/jerinraj/.m2/repository/org/apache/commons/commons-compress/1.21/commons-compress-1.21.jar:/Users/jerinraj/.m2/repository/com/github/virtuald/curvesapi/1.07/curvesapi-1.07.jar:/Users/jerinraj/.m2/repository/commons-io/commons-io/2.16.1/commons-io-2.16.1.jar:"/>
    <property name="java.vm.vendor" value="Oracle Corporation"/>
    <property name="sun.arch.data.model" value="64"/>
    <property name="java.vendor.url" value="https://java.oracle.com/"/>
    <property name="user.timezone" value="America/Toronto"/>
    <property name="os.name" value="Mac OS X"/>
    <property name="java.vm.specification.version" value="17"/>
    <property name="sun.java.launcher" value="SUN_STANDARD"/>
    <property name="user.country" value="CA"/>
    <property name="sun.boot.library.path" value="/Library/Java/JavaVirtualMachines/jdk-17.jdk/Contents/Home/lib"/>
    <property name="sun.java.command" value="/Users/jerinraj/eclipse-workspace/LearnCucumberFrame/target/surefire/surefirebooter-20240817152407513_3.jar /Users/jerinraj/eclipse-workspace/LearnCucumberFrame/target/surefire 2024-08-17T15-24-07_471-jvmRun1 surefire-20240817152407513_1tmp surefire_0-20240817152407513_2tmp"/>
    <property name="http.nonProxyHosts" value="local|*.local|169.254/16|*.169.254/16"/>
    <property name="jdk.debug" value="release"/>
    <property name="surefire.test.class.path" value="/Users/jerinraj/eclipse-workspace/LearnCucumberFrame/target/test-classes:/Users/jerinraj/eclipse-workspace/LearnCucumberFrame/target/classes:/Users/jerinraj/.m2/repository/io/cucumber/cucumber-testng/7.18.1/cucumber-testng-7.18.1.jar:/Users/jerinraj/.m2/repository/org/apiguardian/apiguardian-api/1.1.2/apiguardian-api-1.1.2.jar:/Users/jerinraj/.m2/repository/io/cucumber/cucumber-core/7.18.1/cucumber-core-7.18.1.jar:/Users/jerinraj/.m2/repository/io/cucumber/cucumber-gherkin/7.18.1/cucumber-gherkin-7.18.1.jar:/Users/jerinraj/.m2/repository/io/cucumber/cucumber-gherkin-messages/7.18.1/cucumber-gherkin-messages-7.18.1.jar:/Users/jerinraj/.m2/repository/io/cucumber/gherkin/28.0.0/gherkin-28.0.0.jar:/Users/jerinraj/.m2/repository/io/cucumber/messages/24.1.0/messages-24.1.0.jar:/Users/jerinraj/.m2/repository/io/cucumber/testng-xml-formatter/0.2.0/testng-xml-formatter-0.2.0.jar:/Users/jerinraj/.m2/repository/io/cucumber/query/12.2.0/query-12.2.0.jar:/Users/jerinraj/.m2/repository/io/cucumber/tag-expressions/6.1.0/tag-expressions-6.1.0.jar:/Users/jerinraj/.m2/repository/io/cucumber/cucumber-expressions/17.1.0/cucumber-expressions-17.1.0.jar:/Users/jerinraj/.m2/repository/io/cucumber/datatable/7.18.1/datatable-7.18.1.jar:/Users/jerinraj/.m2/repository/io/cucumber/cucumber-plugin/7.18.1/cucumber-plugin-7.18.1.jar:/Users/jerinraj/.m2/repository/io/cucumber/docstring/7.18.1/docstring-7.18.1.jar:/Users/jerinraj/.m2/repository/io/cucumber/html-formatter/21.4.1/html-formatter-21.4.1.jar:/Users/jerinraj/.m2/repository/io/cucumber/junit-xml-formatter/0.5.0/junit-xml-formatter-0.5.0.jar:/Users/jerinraj/.m2/repository/io/cucumber/ci-environment/10.0.1/ci-environment-10.0.1.jar:/Users/jerinraj/.m2/repository/org/testng/testng/7.10.2/testng-7.10.2.jar:/Users/jerinraj/.m2/repository/org/slf4j/slf4j-api/1.7.36/slf4j-api-1.7.36.jar:/Users/jerinraj/.m2/repository/com/beust/jcommander/1.82/jcommander-1.82.jar:/Users/jerinraj/.m2/repository/org/webjars/jquery/3.7.1/jquery-3.7.1.jar:/Users/jerinraj/.m2/repository/io/cucumber/cucumber-java/7.18.1/cucumber-java-7.18.1.jar:/Users/jerinraj/.m2/repository/org/seleniumhq/selenium/selenium-java/4.23.1/selenium-java-4.23.1.jar:/Users/jerinraj/.m2/repository/org/seleniumhq/selenium/selenium-api/4.23.1/selenium-api-4.23.1.jar:/Users/jerinraj/.m2/repository/org/seleniumhq/selenium/selenium-chrome-driver/4.23.1/selenium-chrome-driver-4.23.1.jar:/Users/jerinraj/.m2/repository/com/google/auto/service/auto-service-annotations/1.1.1/auto-service-annotations-1.1.1.jar:/Users/jerinraj/.m2/repository/org/seleniumhq/selenium/selenium-chromium-driver/4.23.1/selenium-chromium-driver-4.23.1.jar:/Users/jerinraj/.m2/repository/org/seleniumhq/selenium/selenium-json/4.23.1/selenium-json-4.23.1.jar:/Users/jerinraj/.m2/repository/org/seleniumhq/selenium/selenium-manager/4.23.1/selenium-manager-4.23.1.jar:/Users/jerinraj/.m2/repository/org/seleniumhq/selenium/selenium-devtools-v125/4.23.1/selenium-devtools-v125-4.23.1.jar:/Users/jerinraj/.m2/repository/org/seleniumhq/selenium/selenium-devtools-v126/4.23.1/selenium-devtools-v126-4.23.1.jar:/Users/jerinraj/.m2/repository/org/seleniumhq/selenium/selenium-devtools-v127/4.23.1/selenium-devtools-v127-4.23.1.jar:/Users/jerinraj/.m2/repository/org/seleniumhq/selenium/selenium-devtools-v85/4.23.1/selenium-devtools-v85-4.23.1.jar:/Users/jerinraj/.m2/repository/org/seleniumhq/selenium/selenium-edge-driver/4.23.1/selenium-edge-driver-4.23.1.jar:/Users/jerinraj/.m2/repository/org/seleniumhq/selenium/selenium-firefox-driver/4.23.1/selenium-firefox-driver-4.23.1.jar:/Users/jerinraj/.m2/repository/org/seleniumhq/selenium/selenium-http/4.23.1/selenium-http-4.23.1.jar:/Users/jerinraj/.m2/repository/dev/failsafe/failsafe/3.3.2/failsafe-3.3.2.jar:/Users/jerinraj/.m2/repository/org/seleniumhq/selenium/selenium-ie-driver/4.23.1/selenium-ie-driver-4.23.1.jar:/Users/jerinraj/.m2/repository/org/seleniumhq/selenium/selenium-remote-driver/4.23.1/selenium-remote-driver-4.23.1.jar:/Users/jerinraj/.m2/repository/com/google/guava/guava/33.2.1-jre/guava-33.2.1-jre.jar:/Users/jerinraj/.m2/repository/com/google/guava/failureaccess/1.0.2/failureaccess-1.0.2.jar:/Users/jerinraj/.m2/repository/com/google/guava/listenablefuture/9999.0-empty-to-avoid-conflict-with-guava/listenablefuture-9999.0-empty-to-avoid-conflict-with-guava.jar:/Users/jerinraj/.m2/repository/com/google/code/findbugs/jsr305/3.0.2/jsr305-3.0.2.jar:/Users/jerinraj/.m2/repository/org/checkerframework/checker-qual/3.42.0/checker-qual-3.42.0.jar:/Users/jerinraj/.m2/repository/com/google/errorprone/error_prone_annotations/2.26.1/error_prone_annotations-2.26.1.jar:/Users/jerinraj/.m2/repository/com/google/j2objc/j2objc-annotations/3.0.0/j2objc-annotations-3.0.0.jar:/Users/jerinraj/.m2/repository/io/opentelemetry/semconv/opentelemetry-semconv/1.25.0-alpha/opentelemetry-semconv-1.25.0-alpha.jar:/Users/jerinraj/.m2/repository/io/opentelemetry/opentelemetry-api/1.40.0/opentelemetry-api-1.40.0.jar:/Users/jerinraj/.m2/repository/io/opentelemetry/opentelemetry-context/1.40.0/opentelemetry-context-1.40.0.jar:/Users/jerinraj/.m2/repository/io/opentelemetry/opentelemetry-exporter-logging/1.40.0/opentelemetry-exporter-logging-1.40.0.jar:/Users/jerinraj/.m2/repository/io/opentelemetry/opentelemetry-sdk-common/1.40.0/opentelemetry-sdk-common-1.40.0.jar:/Users/jerinraj/.m2/repository/io/opentelemetry/opentelemetry-sdk-extension-autoconfigure-spi/1.40.0/opentelemetry-sdk-extension-autoconfigure-spi-1.40.0.jar:/Users/jerinraj/.m2/repository/io/opentelemetry/opentelemetry-sdk-extension-autoconfigure/1.40.0/opentelemetry-sdk-extension-autoconfigure-1.40.0.jar:/Users/jerinraj/.m2/repository/io/opentelemetry/opentelemetry-api-incubator/1.40.0-alpha/opentelemetry-api-incubator-1.40.0-alpha.jar:/Users/jerinraj/.m2/repository/io/opentelemetry/opentelemetry-sdk-trace/1.40.0/opentelemetry-sdk-trace-1.40.0.jar:/Users/jerinraj/.m2/repository/io/opentelemetry/opentelemetry-sdk/1.40.0/opentelemetry-sdk-1.40.0.jar:/Users/jerinraj/.m2/repository/io/opentelemetry/opentelemetry-sdk-metrics/1.40.0/opentelemetry-sdk-metrics-1.40.0.jar:/Users/jerinraj/.m2/repository/io/opentelemetry/opentelemetry-sdk-logs/1.40.0/opentelemetry-sdk-logs-1.40.0.jar:/Users/jerinraj/.m2/repository/net/bytebuddy/byte-buddy/1.14.18/byte-buddy-1.14.18.jar:/Users/jerinraj/.m2/repository/org/seleniumhq/selenium/selenium-os/4.23.1/selenium-os-4.23.1.jar:/Users/jerinraj/.m2/repository/org/apache/commons/commons-exec/1.4.0/commons-exec-1.4.0.jar:/Users/jerinraj/.m2/repository/org/seleniumhq/selenium/selenium-safari-driver/4.23.1/selenium-safari-driver-4.23.1.jar:/Users/jerinraj/.m2/repository/org/seleniumhq/selenium/selenium-support/4.23.1/selenium-support-4.23.1.jar:/Users/jerinraj/.m2/repository/io/cucumber/cucumber-picocontainer/7.18.1/cucumber-picocontainer-7.18.1.jar:/Users/jerinraj/.m2/repository/org/picocontainer/picocontainer/2.15/picocontainer-2.15.jar:/Users/jerinraj/.m2/repository/com/aventstack/extentreports/5.1.2/extentreports-5.1.2.jar:/Users/jerinraj/.m2/repository/io/reactivex/rxjava3/rxjava/3.1.6/rxjava-3.1.6.jar:/Users/jerinraj/.m2/repository/org/reactivestreams/reactive-streams/1.0.4/reactive-streams-1.0.4.jar:/Users/jerinraj/.m2/repository/org/freemarker/freemarker/2.3.32/freemarker-2.3.32.jar:/Users/jerinraj/.m2/repository/org/projectlombok/lombok/1.18.26/lombok-1.18.26.jar:/Users/jerinraj/.m2/repository/com/google/code/gson/gson/2.10.1/gson-2.10.1.jar:/Users/jerinraj/.m2/repository/tech/grasshopper/extentreports-cucumber7-adapter/1.14.0/extentreports-cucumber7-adapter-1.14.0.jar:/Users/jerinraj/.m2/repository/tech/grasshopper/extent-pdf-report/2.12.0/extent-pdf-report-2.12.0.jar:/Users/jerinraj/.m2/repository/tech/grasshopper/cucumber-pdf-report/2.14.0/cucumber-pdf-report-2.14.0.jar:/Users/jerinraj/.m2/repository/org/apache/pdfbox/pdfbox/2.0.26/pdfbox-2.0.26.jar:/Users/jerinraj/.m2/repository/org/apache/pdfbox/fontbox/2.0.26/fontbox-2.0.26.jar:/Users/jerinraj/.m2/repository/org/knowm/xchart/xchart/3.8.0/xchart-3.8.0.jar:/Users/jerinraj/.m2/repository/de/erichseifert/vectorgraphics2d/VectorGraphics2D/0.13/VectorGraphics2D-0.13.jar:/Users/jerinraj/.m2/repository/de/rototor/pdfbox/graphics2d/0.30/graphics2d-0.30.jar:/Users/jerinraj/.m2/repository/com/madgag/animated-gif-lib/1.4/animated-gif-lib-1.4.jar:/Users/jerinraj/.m2/repository/org/yaml/snakeyaml/2.0/snakeyaml-2.0.jar:/Users/jerinraj/.m2/repository/tech/grasshopper/table-layout/1.5.1/table-layout-1.5.1.jar:/Users/jerinraj/.m2/repository/tech/grasshopper/rest-assured-cucumber-pdf-report/1.5.0/rest-assured-cucumber-pdf-report-1.5.0.jar:/Users/jerinraj/.m2/repository/org/jsoup/jsoup/1.15.3/jsoup-1.15.3.jar:/Users/jerinraj/.m2/repository/com/aventstack/klov-reporter/5.1.0/klov-reporter-5.1.0.jar:/Users/jerinraj/.m2/repository/org/mongodb/mongodb-driver/3.6.4/mongodb-driver-3.6.4.jar:/Users/jerinraj/.m2/repository/org/mongodb/mongodb-driver-core/3.6.4/mongodb-driver-core-3.6.4.jar:/Users/jerinraj/.m2/repository/org/mongodb/bson/3.6.4/bson-3.6.4.jar:/Users/jerinraj/.m2/repository/org/apache/httpcomponents/httpclient/4.5.13/httpclient-4.5.13.jar:/Users/jerinraj/.m2/repository/org/apache/httpcomponents/httpcore/4.4.13/httpcore-4.4.13.jar:/Users/jerinraj/.m2/repository/commons-logging/commons-logging/1.2/commons-logging-1.2.jar:/Users/jerinraj/.m2/repository/commons-codec/commons-codec/1.11/commons-codec-1.11.jar:/Users/jerinraj/.m2/repository/org/apache/httpcomponents/httpmime/4.5.13/httpmime-4.5.13.jar:/Users/jerinraj/.m2/repository/tech/grasshopper/htmlextentreporter/1.1.0/htmlextentreporter-1.1.0.jar:/Users/jerinraj/.m2/repository/tech/grasshopper/extent-excel-report/1.4.0/extent-excel-report-1.4.0.jar:/Users/jerinraj/.m2/repository/org/apache/poi/poi/5.2.3/poi-5.2.3.jar:/Users/jerinraj/.m2/repository/org/apache/commons/commons-collections4/4.4/commons-collections4-4.4.jar:/Users/jerinraj/.m2/repository/org/apache/commons/commons-math3/3.6.1/commons-math3-3.6.1.jar:/Users/jerinraj/.m2/repository/com/zaxxer/SparseBitSet/1.2/SparseBitSet-1.2.jar:/Users/jerinraj/.m2/repository/org/apache/logging/log4j/log4j-api/2.18.0/log4j-api-2.18.0.jar:/Users/jerinraj/.m2/repository/org/apache/poi/poi-ooxml/5.2.3/poi-ooxml-5.2.3.jar:/Users/jerinraj/.m2/repository/org/apache/poi/poi-ooxml-lite/5.2.3/poi-ooxml-lite-5.2.3.jar:/Users/jerinraj/.m2/repository/org/apache/xmlbeans/xmlbeans/5.1.1/xmlbeans-5.1.1.jar:/Users/jerinraj/.m2/repository/org/apache/commons/commons-compress/1.21/commons-compress-1.21.jar:/Users/jerinraj/.m2/repository/com/github/virtuald/curvesapi/1.07/curvesapi-1.07.jar:/Users/jerinraj/.m2/repository/commons-io/commons-io/2.16.1/commons-io-2.16.1.jar:"/>
    <property name="sun.cpu.endian" value="little"/>
    <property name="user.home" value="/Users/jerinraj"/>
    <property name="user.language" value="en"/>
    <property name="java.specification.vendor" value="Oracle Corporation"/>
    <property name="java.version.date" value="2023-10-17"/>
    <property name="java.home" value="/Library/Java/JavaVirtualMachines/jdk-17.jdk/Contents/Home"/>
    <property name="file.separator" value="/"/>
    <property name="basedir" value="/Users/jerinraj/eclipse-workspace/LearnCucumberFrame"/>
    <property name="java.vm.compressedOopsMode" value="Zero based"/>
    <property name="line.separator" value="&#10;"/>
    <property name="java.specification.name" value="Java Platform API Specification"/>
    <property name="java.vm.specification.vendor" value="Oracle Corporation"/>
    <property name="surefire.real.class.path" value="/Users/jerinraj/eclipse-workspace/LearnCucumberFrame/target/surefire/surefirebooter-20240817152407513_3.jar"/>
    <property name="sun.management.compiler" value="HotSpot 64-Bit Tiered Compilers"/>
    <property name="ftp.nonProxyHosts" value="local|*.local|169.254/16|*.169.254/16"/>
    <property name="java.runtime.version" value="17.0.9+11-LTS-201"/>
    <property name="user.name" value="jerinraj"/>
    <property name="path.separator" value=":"/>
    <property name="os.version" value="14.2"/>
    <property name="java.runtime.name" value="Java(TM) SE Runtime Environment"/>
    <property name="file.encoding" value="UTF-8"/>
    <property name="java.vm.name" value="Java HotSpot(TM) 64-Bit Server VM"/>
    <property name="localRepository" value="/Users/jerinraj/.m2/repository"/>
    <property name="java.vendor.url.bug" value="https://bugreport.java.com/bugreport/"/>
    <property name="java.io.tmpdir" value="/var/folders/pl/tgnnzwmn1lz4sy5_sgz34rwm0000gn/T/"/>
    <property name="java.version" value="17.0.9"/>
    <property name="user.dir" value="/Users/jerinraj/eclipse-workspace/LearnCucumberFrame"/>
    <property name="os.arch" value="aarch64"/>
    <property name="java.vm.specification.name" value="Java Virtual Machine Specification"/>
    <property name="native.encoding" value="UTF-8"/>
    <property name="java.library.path" value="/Users/jerinraj/Library/Java/Extensions:/Library/Java/Extensions:/Network/Library/Java/Extensions:/System/Library/Java/Extensions:/usr/lib/java:."/>
    <property name="java.vm.info" value="mixed mode, sharing"/>
    <property name="java.vendor" value="Oracle Corporation"/>
    <property name="java.vm.version" value="17.0.9+11-LTS-201"/>
    <property name="sun.io.unicode.encoding" value="UnicodeBig"/>
    <property name="socksNonProxyHosts" value="local|*.local|169.254/16|*.169.254/16"/>
    <property name="java.class.version" value="61.0"/>
  </properties>
  <testcase name="runScenario[&quot;Search Experience for product search in both home and offers page&quot;, &quot;Search and place order for Products&quot;](1)" classname="cucumberOptions.TestNGRunner" time="7.77">
    <failure message="Product not found expected [Brocolli] but found [Tomato]" type="java.lang.AssertionError"><![CDATA[java.lang.AssertionError: Product not found expected [Brocolli] but found [Tomato]
	at org.testng.Assert.fail(Assert.java:111)
	at org.testng.Assert.failNotEquals(Assert.java:1578)
	at org.testng.Assert.assertEqualsImpl(Assert.java:150)
	at org.testng.Assert.assertEquals(Assert.java:132)
	at org.testng.Assert.assertEquals(Assert.java:656)
	at stepDefinitions.OfferPageStepDefinition.user_search_fro_same_shortname_in_offers_page_to_check_the_product_exists(OfferPageStepDefinition.java:53)
	at ✽.user search fro same Tom in offers page to check the product exists(file:///Users/jerinraj/eclipse-workspace/LearnCucumberFrame/src/test/java/features/SearchProducts.feature:7)
]]></failure>
    <system-err><![CDATA[SLF4J: Failed to load class "org.slf4j.impl.StaticLoggerBinder".
SLF4J: Defaulting to no-operation (NOP) logger implementation
SLF4J: See http://www.slf4j.org/codes.html#StaticLoggerBinder for further details.
]]></system-err>
  </testcase>
  <testcase name="runScenario[&quot;Search Experience for product search in both home and offers page&quot;, &quot;Search and place order for Products&quot;](2)" classname="cucumberOptions.TestNGRunner" time="7.795">
    <failure message="Product not found expected [Brocolli] but found [No data]" type="java.lang.AssertionError"><![CDATA[java.lang.AssertionError: Product not found expected [Brocolli] but found [No data]
	at org.testng.Assert.fail(Assert.java:111)
	at org.testng.Assert.failNotEquals(Assert.java:1578)
	at org.testng.Assert.assertEqualsImpl(Assert.java:150)
	at org.testng.Assert.assertEquals(Assert.java:132)
	at org.testng.Assert.assertEquals(Assert.java:656)
	at stepDefinitions.OfferPageStepDefinition.user_search_fro_same_shortname_in_offers_page_to_check_the_product_exists(OfferPageStepDefinition.java:53)
	at ✽.user search fro same Beet in offers page to check the product exists(file:///Users/jerinraj/eclipse-workspace/LearnCucumberFrame/src/test/java/features/SearchProducts.feature:7)
]]></failure>
  </testcase>
  <testcase name="runScenario[&quot;Search Experience for product search in both home and offers page&quot;, &quot;place order for Products&quot;](3)" classname="cucumberOptions.TestNGRunner" time="8.119">
    <failure message="no such element: Unable to locate element: {&quot;method&quot;:&quot;css selector&quot;,&quot;selector&quot;:&quot;.promoBtn&quot;}&#10;  (Session info: chrome=127.0.6533.120)&#10;For documentation on this error, please visit: https://www.selenium.dev/documentation/webdriver/troubleshooting/errors#no-such-element-exception&#10;Build info: version: &apos;4.23.1&apos;, revision: &apos;656257d8e9&apos;&#10;System info: os.name: &apos;Mac OS X&apos;, os.arch: &apos;aarch64&apos;, os.version: &apos;14.2&apos;, java.version: &apos;17.0.9&apos;&#10;Driver info: org.openqa.selenium.chrome.ChromeDriver&#10;Command: [315d026eacdfd80c7c5bfe555d7efa50, findElement {using=css selector, value=.promoBtn}]&#10;Capabilities {acceptInsecureCerts: false, browserName: chrome, browserVersion: 127.0.6533.120, chrome: {chromedriverVersion: 127.0.6533.119 (bdef6783a05..., userDataDir: /var/folders/pl/tgnnzwmn1lz...}, fedcm:accounts: true, goog:chromeOptions: {debuggerAddress: localhost:58456}, networkConnectionEnabled: false, pageLoadStrategy: normal, platformName: mac, proxy: Proxy(), se:cdp: ws://localhost:58456/devtoo..., se:cdpVersion: 127.0.6533.120, setWindowRect: true, strictFileInteractability: false, timeouts: {implicit: 0, pageLoad: 300000, script: 30000}, unhandledPromptBehavior: dismiss and notify, webauthn:extension:credBlob: true, webauthn:extension:largeBlob: true, webauthn:extension:minPinLength: true, webauthn:extension:prf: true, webauthn:virtualAuthenticators: true}&#10;Session ID: 315d026eacdfd80c7c5bfe555d7efa50" type="org.openqa.selenium.NoSuchElementException"><![CDATA[org.openqa.selenium.NoSuchElementException: 
no such element: Unable to locate element: {"method":"css selector","selector":".promoBtn"}
  (Session info: chrome=127.0.6533.120)
For documentation on this error, please visit: https://www.selenium.dev/documentation/webdriver/troubleshooting/errors#no-such-element-exception
Build info: version: '4.23.1', revision: '656257d8e9'
System info: os.name: 'Mac OS X', os.arch: 'aarch64', os.version: '14.2', java.version: '17.0.9'
Driver info: org.openqa.selenium.chrome.ChromeDriver
Command: [315d026eacdfd80c7c5bfe555d7efa50, findElement {using=css selector, value=.promoBtn}]
Capabilities {acceptInsecureCerts: false, browserName: chrome, browserVersion: 127.0.6533.120, chrome: {chromedriverVersion: 127.0.6533.119 (bdef6783a05..., userDataDir: /var/folders/pl/tgnnzwmn1lz...}, fedcm:accounts: true, goog:chromeOptions: {debuggerAddress: localhost:58456}, networkConnectionEnabled: false, pageLoadStrategy: normal, platformName: mac, proxy: Proxy(), se:cdp: ws://localhost:58456/devtoo..., se:cdpVersion: 127.0.6533.120, setWindowRect: true, strictFileInteractability: false, timeouts: {implicit: 0, pageLoad: 300000, script: 30000}, unhandledPromptBehavior: dismiss and notify, webauthn:extension:credBlob: true, webauthn:extension:largeBlob: true, webauthn:extension:minPinLength: true, webauthn:extension:prf: true, webauthn:virtualAuthenticators: true}
Session ID: 315d026eacdfd80c7c5bfe555d7efa50
	at java.base/jdk.internal.reflect.NativeConstructorAccessorImpl.newInstance0(Native Method)
	at java.base/jdk.internal.reflect.NativeConstructorAccessorImpl.newInstance(NativeConstructorAccessorImpl.java:77)
	at java.base/jdk.internal.reflect.DelegatingConstructorAccessorImpl.newInstance(DelegatingConstructorAccessorImpl.java:45)
	at java.base/java.lang.reflect.Constructor.newInstanceWithCaller(Constructor.java:499)
	at java.base/java.lang.reflect.Constructor.newInstance(Constructor.java:480)
	at org.openqa.selenium.remote.ErrorCodec.decode(ErrorCodec.java:167)
	at org.openqa.selenium.remote.codec.w3c.W3CHttpResponseCodec.decode(W3CHttpResponseCodec.java:138)
	at org.openqa.selenium.remote.codec.w3c.W3CHttpResponseCodec.decode(W3CHttpResponseCodec.java:50)
	at org.openqa.selenium.remote.HttpCommandExecutor.execute(HttpCommandExecutor.java:190)
	at org.openqa.selenium.remote.service.DriverCommandExecutor.invokeExecute(DriverCommandExecutor.java:216)
	at org.openqa.selenium.remote.service.DriverCommandExecutor.execute(DriverCommandExecutor.java:174)
	at org.openqa.selenium.remote.RemoteWebDriver.execute(RemoteWebDriver.java:545)
	at org.openqa.selenium.remote.ElementLocation$ElementFinder$2.findElement(ElementLocation.java:165)
	at org.openqa.selenium.remote.ElementLocation.findElement(ElementLocation.java:59)
	at org.openqa.selenium.remote.RemoteWebDriver.findElement(RemoteWebDriver.java:368)
	at org.openqa.selenium.remote.RemoteWebDriver.findElement(RemoteWebDriver.java:362)
	at pageObjects.CheckoutPage.verifyPromoBtn(CheckoutPage.java:26)
	at stepDefinitions.CheckoutPageStepDefinitions.verify_user_has_provision_to_apply_promocode(CheckoutPageStepDefinitions.java:46)
	at ✽.verify user has provision to apply promocode(file:///Users/jerinraj/eclipse-workspace/LearnCucumberFrame/src/test/java/features/Checkout.feature:9)
]]></failure>
  </testcase>
</testsuite>